Wed May 17 2017 13:59:50 GMT+0800 (中国标准时间): GET /
Wed May 17 2017 14:00:41 GMT+0800 (中国标准时间): GET /
Wed May 17 2017 14:07:21 GMT+0800 (中国标准时间): GET /
Wed May 17 2017 14:10:22 GMT+0800 (中国标准时间): GET /about
Wed May 17 2017 14:10:27 GMT+0800 (中国标准时间): GET /
Wed May 17 2017 14:13:04 GMT+0800 (中国标准时间): GET /help.html
Wed May 17 2017 14:14:00 GMT+0800 (中国标准时间): GET /help.html
Wed May 17 2017 14:14:05 GMT+0800 (中国标准时间): GET /
Wed May 17 2017 15:28:10 GMT+0800 (中国标准时间): GET /
Wed May 17 2017 15:28:10 GMT+0800 (中国标准时间): GET /favicon.ico
Wed May 17 2017 16:58:18 GMT+0800 (中国标准时间): GET /
Wed May 17 2017 16:58:22 GMT+0800 (中国标准时间): GET /projects
Wed May 17 2017 16:58:24 GMT+0800 (中国标准时间): GET /about
Wed May 17 2017 16:58:26 GMT+0800 (中国标准时间): GET /
Wed May 17 2017 21:21:24 GMT+0800 (中国标准时间): GET /
Wed May 17 2017 21:21:26 GMT+0800 (中国标准时间): GET /projects
Wed May 17 2017 21:21:33 GMT+0800 (中国标准时间): POST /test
Wed May 17 2017 21:23:59 GMT+0800 (中国标准时间): GET /projects
Wed May 17 2017 21:24:05 GMT+0800 (中国标准时间): POST /test
Wed May 17 2017 21:26:42 GMT+0800 (中国标准时间): GET /
Wed May 17 2017 21:26:44 GMT+0800 (中国标准时间): GET /projects
Wed May 17 2017 21:26:50 GMT+0800 (中国标准时间): POST /test
Wed May 17 2017 21:28:50 GMT+0800 (中国标准时间): POST /test
Wed May 17 2017 21:29:25 GMT+0800 (中国标准时间): GET /test
Wed May 17 2017 21:29:29 GMT+0800 (中国标准时间): GET /
Wed May 17 2017 21:29:31 GMT+0800 (中国标准时间): GET /projects
Wed May 17 2017 21:29:37 GMT+0800 (中国标准时间): POST /test
Wed May 17 2017 21:35:45 GMT+0800 (中国标准时间): GET /
Wed May 17 2017 21:35:47 GMT+0800 (中国标准时间): GET /projects
Wed May 17 2017 21:35:52 GMT+0800 (中国标准时间): GET /test?name=aaa&tel=bbb
Wed May 17 2017 21:37:33 GMT+0800 (中国标准时间): GET /test?name=aaa&tel=bbb
Wed May 17 2017 21:39:45 GMT+0800 (中国标准时间): GET /
Wed May 17 2017 21:39:47 GMT+0800 (中国标准时间): GET /projects
Wed May 17 2017 21:39:55 GMT+0800 (中国标准时间): POST /test
Wed May 17 2017 21:40:38 GMT+0800 (中国标准时间): GET /
Wed May 17 2017 21:40:40 GMT+0800 (中国标准时间): GET /projects
Wed May 17 2017 21:40:47 GMT+0800 (中国标准时间): POST /test
Wed May 17 2017 21:47:17 GMT+0800 (中国标准时间): GET /
Wed May 17 2017 21:47:20 GMT+0800 (中国标准时间): GET /projects
Wed May 17 2017 21:47:28 GMT+0800 (中国标准时间): POST /test
Wed May 17 2017 21:48:00 GMT+0800 (中国标准时间): GET /
Wed May 17 2017 21:48:02 GMT+0800 (中国标准时间): GET /projects
Wed May 17 2017 21:48:08 GMT+0800 (中国标准时间): POST /test
Wed May 17 2017 21:48:37 GMT+0800 (中国标准时间): GET /
Wed May 17 2017 21:48:40 GMT+0800 (中国标准时间): GET /projects
Wed May 17 2017 21:48:49 GMT+0800 (中国标准时间): POST /test
Wed May 17 2017 22:01:23 GMT+0800 (中国标准时间): GET /
Wed May 17 2017 22:01:25 GMT+0800 (中国标准时间): GET /projects
Wed May 17 2017 22:01:33 GMT+0800 (中国标准时间): POST /test
Wed May 17 2017 22:02:41 GMT+0800 (中国标准时间): GET /
Wed May 17 2017 22:02:43 GMT+0800 (中国标准时间): GET /projects
Wed May 17 2017 22:02:48 GMT+0800 (中国标准时间): POST /test
Wed May 17 2017 22:04:10 GMT+0800 (中国标准时间): GET /
Wed May 17 2017 22:04:12 GMT+0800 (中国标准时间): GET /projects
Wed May 17 2017 22:04:17 GMT+0800 (中国标准时间): POST /test
Wed May 17 2017 22:23:53 GMT+0800 (中国标准时间): GET /
Wed May 17 2017 22:23:55 GMT+0800 (中国标准时间): GET /projects
Wed May 17 2017 22:24:01 GMT+0800 (中国标准时间): POST /test
Wed May 17 2017 22:35:15 GMT+0800 (中国标准时间): GET /
Wed May 17 2017 22:35:18 GMT+0800 (中国标准时间): GET /projects
Wed May 17 2017 22:35:24 GMT+0800 (中国标准时间): POST /test
Wed May 17 2017 22:51:21 GMT+0800 (中国标准时间): GET /
Wed May 17 2017 22:51:27 GMT+0800 (中国标准时间): GET /projects
Wed May 17 2017 22:51:35 GMT+0800 (中国标准时间): POST /test
Wed May 17 2017 22:54:30 GMT+0800 (中国标准时间): GET /
Wed May 17 2017 22:54:31 GMT+0800 (中国标准时间): GET /projects
Wed May 17 2017 22:54:36 GMT+0800 (中国标准时间): POST /test
Wed May 17 2017 22:57:51 GMT+0800 (中国标准时间): GET /
Wed May 17 2017 22:57:53 GMT+0800 (中国标准时间): GET /projects
Wed May 17 2017 22:57:57 GMT+0800 (中国标准时间): POST /test
Wed May 17 2017 23:00:03 GMT+0800 (中国标准时间): GET /
Wed May 17 2017 23:00:05 GMT+0800 (中国标准时间): GET /projects
Wed May 17 2017 23:00:09 GMT+0800 (中国标准时间): POST /test
Wed May 17 2017 23:09:48 GMT+0800 (中国标准时间): GET /
Wed May 17 2017 23:09:50 GMT+0800 (中国标准时间): GET /projects
Wed May 17 2017 23:09:56 GMT+0800 (中国标准时间): POST /test
Wed May 17 2017 23:10:12 GMT+0800 (中国标准时间): GET /projects
Wed May 17 2017 23:10:16 GMT+0800 (中国标准时间): POST /test
Wed May 17 2017 23:10:56 GMT+0800 (中国标准时间): GET /
Wed May 17 2017 23:11:04 GMT+0800 (中国标准时间): GET /
Wed May 17 2017 23:11:05 GMT+0800 (中国标准时间): GET /about
Wed May 17 2017 23:11:07 GMT+0800 (中国标准时间): GET /projects
Wed May 17 2017 23:11:34 GMT+0800 (中国标准时间): GET /about
Wed May 17 2017 23:12:24 GMT+0800 (中国标准时间): GET /
Wed May 17 2017 23:14:01 GMT+0800 (中国标准时间): GET /
Wed May 17 2017 23:14:05 GMT+0800 (中国标准时间): GET /projects
Wed May 17 2017 23:14:06 GMT+0800 (中国标准时间): GET /about
Wed May 17 2017 23:14:08 GMT+0800 (中国标准时间): GET /
Wed May 17 2017 23:14:09 GMT+0800 (中国标准时间): GET /projects
Wed May 17 2017 23:14:23 GMT+0800 (中国标准时间): GET /about
Wed May 17 2017 23:19:18 GMT+0800 (中国标准时间): GET /projects
Wed May 17 2017 23:19:25 GMT+0800 (中国标准时间): GET /about
Wed May 17 2017 23:19:27 GMT+0800 (中国标准时间): GET /
Fri May 19 2017 16:34:39 GMT+0800 (中国标准时间): GET /
Fri May 19 2017 16:34:39 GMT+0800 (中国标准时间): GET /favicon.ico
Fri May 19 2017 16:34:45 GMT+0800 (中国标准时间): GET /projects
Fri May 19 2017 16:34:55 GMT+0800 (中国标准时间): POST /test
Fri May 19 2017 16:36:30 GMT+0800 (中国标准时间): GET /
Fri May 19 2017 16:36:33 GMT+0800 (中国标准时间): GET /projects
Fri May 19 2017 16:36:48 GMT+0800 (中国标准时间): POST /test
Fri May 19 2017 16:47:24 GMT+0800 (中国标准时间): GET /
Fri May 19 2017 16:47:27 GMT+0800 (中国标准时间): GET /projects
Fri May 19 2017 16:47:31 GMT+0800 (中国标准时间): POST /test
Fri May 19 2017 16:49:19 GMT+0800 (中国标准时间): GET /
Fri May 19 2017 16:49:21 GMT+0800 (中国标准时间): GET /about
Fri May 19 2017 16:49:23 GMT+0800 (中国标准时间): GET /projects
Mon May 22 2017 12:22:11 GMT+0800 (中国标准时间): GET /
Mon May 22 2017 12:22:32 GMT+0800 (中国标准时间): GET /
Mon May 22 2017 12:23:00 GMT+0800 (中国标准时间): GET /
Mon May 22 2017 12:23:12 GMT+0800 (中国标准时间): GET /help.html
Mon May 22 2017 13:04:42 GMT+0800 (中国标准时间): GET /
Mon May 22 2017 13:04:55 GMT+0800 (中国标准时间): GET /
Mon May 22 2017 13:05:41 GMT+0800 (中国标准时间): GET /
